<?xml version="1.0" encoding="UTF-8" ?>
<testsuite tests="5" failures="0" name="com.github.nomad145.purepazaak.core.SideDeckTest" time="0.001" errors="0" skipped="0">
  <properties>
    <property name="idea.plugins.compatible.build" value="181.1"/>
    <property name="jna.platform.library.path" value="/usr/lib/x86_64-linux-gnu:/lib/x86_64-linux-gnu:/lib64:/usr/lib:/lib:/lib/i386-linux-gnu:/usr/lib/i386-linux-gnu/i686/sse2:/usr/lib/i386-linux-gnu:/lib/i386-linux-gnu/i686/cmov:/usr/lib/i386-linux-gnu/i686/cmov:/usr/lib/i386-linux-gnu/i586:/usr/lib/i386-linux-gnu/sse2:/usr/lib/x86_64-linux-gnu/tls:/usr/lib/i386-linux-gnu/tls:/usr/lib/x86_64-linux-gnu/libfakeroot"/>
    <property name="java.runtime.name" value="Java(TM) SE Runtime Environment"/>
    <property name="sun.boot.library.path" value="/home/ryan/devtools/jdk1.8.0_181/jre/lib/amd64"/>
    <property name="java.vm.version" value="25.181-b13"/>
    <property name="java.vm.vendor" value="Oracle Corporation"/>
    <property name="maven.multiModuleProjectDirectory" value="/home/ryan/pure-pazaak/pure-pazaak"/>
    <property name="java.vendor.url" value="http://java.oracle.com/"/>
    <property name="path.separator" value=":"/>
    <property name="guice.disable.misplaced.annotation.check" value="true"/>
    <property name="java.vm.name" value="Java HotSpot(TM) 64-Bit Server VM"/>
    <property name="file.encoding.pkg" value="sun.io"/>
    <property name="jna.loaded" value="true"/>
    <property name="user.country" value="US"/>
    <property name="sun.java.launcher" value="SUN_STANDARD"/>
    <property name="sun.os.patch.level" value="unknown"/>
    <property name="java.vm.specification.name" value="Java Virtual Machine Specification"/>
    <property name="user.dir" value="/home/ryan/pure-pazaak/pure-pazaak"/>
    <property name="java.runtime.version" value="1.8.0_181-b13"/>
    <property name="java.awt.graphicsenv" value="sun.awt.X11GraphicsEnvironment"/>
    <property name="java.endorsed.dirs" value="/home/ryan/devtools/jdk1.8.0_181/jre/lib/endorsed"/>
    <property name="os.arch" value="amd64"/>
    <property name="java.io.tmpdir" value="/tmp"/>
    <property name="line.separator" value="
"/>
    <property name="java.vm.specification.vendor" value="Oracle Corporation"/>
    <property name="os.name" value="Linux"/>
    <property name="classworlds.conf" value="/home/ryan/devtools/apache-maven-3.5.4/bin/m2.conf"/>
    <property name="sun.jnu.encoding" value="UTF-8"/>
    <property name="jnidispatch.path" value="/tmp/jna-3515572/jna5818487117172856012.tmp"/>
    <property name="java.library.path" value="/usr/java/packages/lib/amd64:/usr/lib64:/lib64:/lib:/usr/lib"/>
    <property name="maven.conf" value="/home/ryan/devtools/apache-maven-3.5.4/conf"/>
    <property name="java.specification.name" value="Java Platform API Specification"/>
    <property name="java.class.version" value="52.0"/>
    <property name="sun.management.compiler" value="HotSpot 64-Bit Tiered Compilers"/>
    <property name="os.version" value="3.16.0-6-amd64"/>
    <property name="library.jansi.path" value="/home/ryan/devtools/apache-maven-3.5.4/lib/jansi-native"/>
    <property name="user.home" value="/home/ryan"/>
    <property name="user.timezone" value="America/Chicago"/>
    <property name="java.awt.printerjob" value="sun.print.PSPrinterJob"/>
    <property name="java.specification.version" value="1.8"/>
    <property name="file.encoding" value="UTF-8"/>
    <property name="user.name" value="ryan"/>
    <property name="java.class.path" value="/home/ryan/devtools/apache-maven-3.5.4/boot/plexus-classworlds-2.5.2.jar"/>
    <property name="java.vm.specification.version" value="1.8"/>
    <property name="sun.arch.data.model" value="64"/>
    <property name="java.home" value="/home/ryan/devtools/jdk1.8.0_181/jre"/>
    <property name="sun.java.command" value="org.codehaus.plexus.classworlds.launcher.Launcher test -pl core"/>
    <property name="java.specification.vendor" value="Oracle Corporation"/>
    <property name="user.language" value="en"/>
    <property name="awt.toolkit" value="sun.awt.X11.XToolkit"/>
    <property name="java.vm.info" value="mixed mode"/>
    <property name="java.version" value="1.8.0_181"/>
    <property name="java.ext.dirs" value="/home/ryan/devtools/jdk1.8.0_181/jre/lib/ext:/usr/java/packages/lib/ext"/>
    <property name="securerandom.source" value="file:/dev/./urandom"/>
    <property name="sun.boot.class.path" value="/home/ryan/devtools/jdk1.8.0_181/jre/lib/resources.jar:/home/ryan/devtools/jdk1.8.0_181/jre/lib/rt.jar:/home/ryan/devtools/jdk1.8.0_181/jre/lib/sunrsasign.jar:/home/ryan/devtools/jdk1.8.0_181/jre/lib/jsse.jar:/home/ryan/devtools/jdk1.8.0_181/jre/lib/jce.jar:/home/ryan/devtools/jdk1.8.0_181/jre/lib/charsets.jar:/home/ryan/devtools/jdk1.8.0_181/jre/lib/jfr.jar:/home/ryan/devtools/jdk1.8.0_181/jre/classes"/>
    <property name="java.vendor" value="Oracle Corporation"/>
    <property name="maven.home" value="/home/ryan/devtools/apache-maven-3.5.4"/>
    <property name="file.separator" value="/"/>
    <property name="java.vendor.url.bug" value="http://bugreport.sun.com/bugreport/"/>
    <property name="sun.cpu.endian" value="little"/>
    <property name="sun.io.unicode.encoding" value="UnicodeLittle"/>
    <property name="sun.desktop" value="gnome"/>
    <property name="sun.cpu.isalist" value=""/>
  </properties>
  <testcase classname="com.github.nomad145.purepazaak.core.SideDeckTest" name="testAddCard" time="0.001"/>
  <testcase classname="com.github.nomad145.purepazaak.core.SideDeckTest" name="testSideDeckFull" time="0"/>
  <testcase classname="com.github.nomad145.purepazaak.core.SideDeckTest" name="testRemoveCard" time="0"/>
  <testcase classname="com.github.nomad145.purepazaak.core.SideDeckTest" name="testGreaterThanTenCards" time="0"/>
  <testcase classname="com.github.nomad145.purepazaak.core.SideDeckTest" name="testGetRandomCards" time="0"/>
</testsuite>